<?xml version="1.0" encoding="UTF-8"?>
<testsuite xmlns:xsi="http://www.w3.org/2001/XMLSchema-instance" xsi:noNamespaceSchemaLocation="https://maven.apache.org/surefire/maven-surefire-plugin/xsd/surefire-test-report.xsd" version="3.0.2" name="com.lexzip.backend.LexzipBackendApplicationTests" time="14.322" tests="1" errors="0" skipped="0" failures="0">
  <properties>
[...]
</properties>
  <testcase name="contextLoads" classname="com.lexzip.backend.LexzipBackendApplicationTests" time="0.563">
    <system-out><![CDATA[18:13:31.074 [main] INFO org.springframework.test.context.support.AnnotationConfigContextLoaderUtils -- Could not detect default configuration classes for test class [com.lexzip.backend.LexzipBackendApplicationTests]: LexzipBackendApplicationTests does not declare any static, non-private, non-final, nested classes annotated with @Configuration.
18:13:31.360 [main] INFO org.springframework.boot.test.context.SpringBootTestContextBootstrapper -- Found @SpringBootConfiguration com.lexzip.backend.LexzipBackendApplication for test class com.lexzip.backend.LexzipBackendApplicationTests

  .   ____          _            __ _ _
 /\\ / ___'_ __ _ _(_)_ __  __ _ \ \ \ \
( ( )\___ | '_ | '_| | '_ \/ _` | \ \ \ \
 \\/  ___)| |_)| | | | | || (_| |  ) ) ) )
  '  |____| .__|_| |_|_| |_\__, | / / / /
 =========|_|==============|___/=/_/_/_/

 :: Spring Boot ::                (v3.5.0)

2026-04-09T18:13:32.284+05:30  INFO 26740 --- [           main] c.l.b.LexzipBackendApplicationTests      : Starting LexzipBackendApplicationTests using Java 21.0.8 with PID 26740 (started by Administrator in D:\lexzip\backend)
2026-04-09T18:13:32.287+05:30  INFO 26740 --- [           main] c.l.b.LexzipBackendApplicationTests      : No active profile set, falling back to 1 default profile: "default"
2026-04-09T18:13:34.036+05:30  INFO 26740 --- [           main] .s.d.r.c.RepositoryConfigurationDelegate : Bootstrapping Spring Data JPA repositories in DEFAULT mode.
2026-04-09T18:13:34.248+05:30  INFO 26740 --- [           main] .s.d.r.c.RepositoryConfigurationDelegate : Finished Spring Data repository scanning in 190 ms. Found 11 JPA repository interfaces.
2026-04-09T18:13:35.651+05:30  INFO 26740 --- [           main] com.zaxxer.hikari.HikariDataSource       : HikariPool-1 - Starting...
2026-04-09T18:13:36.108+05:30  INFO 26740 --- [           main] com.zaxxer.hikari.pool.HikariPool        : HikariPool-1 - Added connection conn0: url=jdbc:h2:mem:lexzip user=SA
2026-04-09T18:13:36.110+05:30  INFO 26740 --- [           main] com.zaxxer.hikari.HikariDataSource       : HikariPool-1 - Start completed.
2026-04-09T18:13:36.210+05:30  INFO 26740 --- [           main] org.flywaydb.core.FlywayExecutor         : Database: jdbc:h2:mem:lexzip (H2 2.3)
2026-04-09T18:13:36.283+05:30  INFO 26740 --- [           main] o.f.c.i.s.JdbcTableSchemaHistory         : Schema history table "PUBLIC"."flyway_schema_history" does not exist yet
2026-04-09T18:13:36.287+05:30  INFO 26740 --- [           main] o.f.core.internal.command.DbValidate     : Successfully validated 2 migrations (execution time 00:00.047s)
2026-04-09T18:13:36.305+05:30  INFO 26740 --- [           main] o.f.c.i.s.JdbcTableSchemaHistory         : Creating Schema History table "PUBLIC"."flyway_schema_history" ...
2026-04-09T18:13:36.376+05:30  INFO 26740 --- [           main] o.f.core.internal.command.DbMigrate      : Current version of schema "PUBLIC": << Empty Schema >>
2026-04-09T18:13:36.418+05:30  INFO 26740 --- [           main] o.f.core.internal.command.DbMigrate      : Migrating schema "PUBLIC" to version "1 - init"
2026-04-09T18:13:36.483+05:30  INFO 26740 --- [           main] o.f.core.internal.command.DbMigrate      : Migrating schema "PUBLIC" to version "2 - add category and captcha tables"
2026-04-09T18:13:36.526+05:30  INFO 26740 --- [           main] o.f.core.internal.command.DbMigrate      : Successfully applied 2 migrations to schema "PUBLIC", now at version v2 (execution time 00:00.046s)
2026-04-09T18:13:36.769+05:30  INFO 26740 --- [           main] o.hibernate.jpa.internal.util.LogHelper  : HHH000204: Processing PersistenceUnitInfo [name: default]
2026-04-09T18:13:36.946+05:30  INFO 26740 --- [           main] org.hibernate.Version                    : HHH000412: Hibernate ORM core version 6.6.15.Final
2026-04-09T18:13:37.010+05:30  INFO 26740 --- [           main] o.h.c.internal.RegionFactoryInitiator    : HHH000026: Second-level cache disabled
2026-04-09T18:13:37.508+05:30  INFO 26740 --- [           main] o.s.o.j.p.SpringPersistenceUnitInfo      : No LoadTimeWeaver setup: ignoring JPA class transformer
2026-04-09T18:13:37.671+05:30  INFO 26740 --- [           main] org.hibernate.orm.connections.pooling    : HHH10001005: Database info:
	Database JDBC URL [Connecting through datasource 'HikariDataSource (HikariPool-1)']
	Database driver: undefined/unknown
	Database version: 2.3.232
	Autocommit mode: undefined/unknown
	Isolation level: undefined/unknown
	Minimum pool size: undefined/unknown
	Maximum pool size: undefined/unknown
2026-04-09T18:13:39.647+05:30  INFO 26740 --- [           main] o.h.e.t.j.p.i.JtaPlatformInitiator       : HHH000489: No JTA platform available (set 'hibernate.transaction.jta.platform' to enable JTA platform integration)
2026-04-09T18:13:39.700+05:30  INFO 26740 --- [           main] j.LocalContainerEntityManagerFactoryBean : Initialized JPA EntityManagerFactory for persistence unit 'default'
2026-04-09T18:13:41.757+05:30  INFO 26740 --- [           main] o.s.b.a.h2.H2ConsoleAutoConfiguration    : H2 console available at '/h2-console'. Database available at 'jdbc:h2:mem:lexzip'
2026-04-09T18:13:41.878+05:30  INFO 26740 --- [           main] c.l.b.LexzipBackendApplicationTests      : Started LexzipBackendApplicationTests in 10.206 seconds (process running for 12.159)
]]></system-out>
    <system-err><![CDATA[Mockito is currently self-attaching to enable the inline-mock-maker. This will no longer work in future releases of the JDK. Please add Mockito as an agent to your build as described in Mockito's documentation: https://javadoc.io/doc/org.mockito/mockito-core/latest/org.mockito/org/mockito/Mockito.html#0.3
WARNING: A Java agent has been loaded dynamically (C:\Users\Administrator\.m2\repository\net\bytebuddy\byte-buddy-agent\1.17.5\byte-buddy-agent-1.17.5.jar)
WARNING: If a serviceability tool is in use, please run with -XX:+EnableDynamicAgentLoading to hide this warning
WARNING: If a serviceability tool is not in use, please run with -Djdk.instrument.traceUsage for more information
WARNING: Dynamic loading of agents will be disallowed by default in a future release
]]></system-err>
  </testcase>
</testsuite>